d:\documentos\trabalho dados abertos\dadosabertos\dadosabertos\debug\vc140.pdb
d:\documentos\trabalho dados abertos\dadosabertos\dadosabertos\debug\vc140.idb
d:\documentos\trabalho dados abertos\dadosabertos\dadosabertos\debug\venda.obj
d:\documentos\trabalho dados abertos\dadosabertos\dadosabertos\debug\arquivotexto.obj
d:\documentos\trabalho dados abertos\dadosabertos\dadosabertos\debug\console.obj
d:\documentos\trabalho dados abertos\dadosabertos\dadosabertos\debug\conta.obj
d:\documentos\trabalho dados abertos\dadosabertos\dadosabertos\debug\entrada.obj
d:\documentos\trabalho dados abertos\dadosabertos\dadosabertos\debug\investidor.obj
d:\documentos\trabalho dados abertos\dadosabertos\dadosabertos\debug\progressbar.obj
d:\documentos\trabalho dados abertos\dadosabertos\dadosabertos\debug\progressbartest.obj
d:\documentos\trabalho dados abertos\dadosabertos\dadosabertos\debug\dado.obj
d:\documentos\trabalho dados abertos\dadosabertos\dadosabertos\debug\testararquivotexto.obj
d:\documentos\trabalho dados abertos\dadosabertos\debug\dadosabertos.ilk
d:\documentos\trabalho dados abertos\dadosabertos\debug\dadosabertos.exe
d:\documentos\trabalho dados abertos\dadosabertos\debug\dadosabertos.pdb
d:\documentos\trabalho dados abertos\dadosabertos\dadosabertos\debug\dadosabertos.tlog\cl.command.1.tlog
d:\documentos\trabalho dados abertos\dadosabertos\dadosabertos\debug\dadosabertos.tlog\cl.read.1.tlog
d:\documentos\trabalho dados abertos\dadosabertos\dadosabertos\debug\dadosabertos.tlog\cl.write.1.tlog
d:\documentos\trabalho dados abertos\dadosabertos\dadosabertos\debug\dadosabertos.tlog\link.command.1.tlog
d:\documentos\trabalho dados abertos\dadosabertos\dadosabertos\debug\dadosabertos.tlog\link.read.1.tlog
d:\documentos\trabalho dados abertos\dadosabertos\dadosabertos\debug\dadosabertos.tlog\link.write.1.tlog
